<?xml version="1.0" encoding="UTF-8"?>
<!-- Generated by org.testng.reporters.JUnitXMLReporter -->
<testsuite ignored="0" hostname="DESKTOP-810HFUA" failures="0" tests="6" name="Chrome Test" time="273.195" errors="0" timestamp="2023-06-22T03:22:51 IST">
  <testcase classname="GridTest.TestGrid1" name="Test1" time="25.655"/>
  <testcase classname="GridTest.TestGrid4" name="Test1" time="35.279"/>
  <testcase classname="GridTest.TestGrid5" name="Test1" time="73.541"/>
  <testcase classname="GridTest.TestGrid3" name="Test1" time="6.593"/>
  <testcase classname="GridTest.TestGrid6" name="Test1" time="34.448"/>
  <testcase classname="GridTest.TestGrid2" name="Test1" time="11.426"/>
</testsuite> <!-- Chrome Test -->
