<?xml version="1.0" encoding="UTF-8"?>
<!-- Generated by org.testng.reporters.JUnitXMLReporter -->
<testsuite ignored="0" hostname="DESKTOP-810HFUA" failures="0" tests="6" name="Microsoft Edge Test" time="254.089" errors="0" timestamp="2023-06-22T03:22:32 IST">
  <testcase classname="GridTest.TestGrid2" name="Test1" time="14.702"/>
  <testcase classname="GridTest.TestGrid3" name="Test1" time="5.522"/>
  <testcase classname="GridTest.TestGrid4" name="Test1" time="32.183"/>
  <testcase classname="GridTest.TestGrid5" name="Test1" time="64.685"/>
  <testcase classname="GridTest.TestGrid6" name="Test1" time="29.274"/>
  <testcase classname="GridTest.TestGrid1" name="Test1" time="33.544"/>
</testsuite> <!-- Microsoft Edge Test -->
