<?xml version="1.0" encoding="UTF-8"?>
<testng-results ignored="0" total="12" passed="12" failed="0" skipped="0">
  <reporter-output>
  </reporter-output>
  <suite started-at="2023-06-22T03:18:17 IST" name="Suite" finished-at="2023-06-22T03:22:51 IST" duration-ms="273195">
    <groups>
    </groups>
    <test started-at="2023-06-22T03:18:17 IST" name="Microsoft Edge Test" finished-at="2023-06-22T03:22:32 IST" duration-ms="254089">
      <class name="GridTest.TestGrid2">
        <test-method is-config="true" signature="inisetup(java.lang.String)[pri:0, instance:GridTest.TestGrid2@66d3eec0]" started-at="2023-06-22T03:18:18 IST" name="inisetup" finished-at="2023-06-22T03:18:26 IST" duration-ms="8027" status="PASS">
          <params>
            <param index="0">
              <value>
                <![CDATA[6666]]>
              </value>
            </param>
          </params>
          <reporter-output>
          </reporter-output>
        </test-method> <!-- inisetup -->
        <test-method signature="Test1()[pri:0, instance:GridTest.TestGrid2@66d3eec0]" started-at="2023-06-22T03:18:26 IST" name="Test1" finished-at="2023-06-22T03:18:40 IST" duration-ms="14702" status="PASS">
          <reporter-output>
          </reporter-output>
        </test-method> <!-- Test1 -->
      </class> <!-- GridTest.TestGrid2 -->
      <class name="GridTest.TestGrid3">
        <test-method is-config="true" signature="inisetup(java.lang.String)[pri:0, instance:GridTest.TestGrid3@18d87d80]" started-at="2023-06-22T03:18:40 IST" name="inisetup" finished-at="2023-06-22T03:18:51 IST" duration-ms="11116" status="PASS">
          <params>
            <param index="0">
              <value>
                <![CDATA[6666]]>
              </value>
            </param>
          </params>
          <reporter-output>
          </reporter-output>
        </test-method> <!-- inisetup -->
        <test-method signature="Test1()[pri:0, instance:GridTest.TestGrid3@18d87d80]" started-at="2023-06-22T03:18:51 IST" name="Test1" finished-at="2023-06-22T03:18:57 IST" duration-ms="5522" status="PASS">
          <reporter-output>
          </reporter-output>
        </test-method> <!-- Test1 -->
      </class> <!-- GridTest.TestGrid3 -->
      <class name="GridTest.TestGrid4">
        <test-method is-config="true" signature="inisetup(java.lang.String)[pri:0, instance:GridTest.TestGrid4@618425b5]" started-at="2023-06-22T03:18:57 IST" name="inisetup" finished-at="2023-06-22T03:19:08 IST" duration-ms="11402" status="PASS">
          <params>
            <param index="0">
              <value>
                <![CDATA[6666]]>
              </value>
            </param>
          </params>
          <reporter-output>
          </reporter-output>
        </test-method> <!-- inisetup -->
        <test-method signature="Test1()[pri:0, instance:GridTest.TestGrid4@618425b5]" started-at="2023-06-22T03:19:08 IST" name="Test1" finished-at="2023-06-22T03:19:41 IST" duration-ms="32183" status="PASS">
          <reporter-output>
          </reporter-output>
        </test-method> <!-- Test1 -->
      </class> <!-- GridTest.TestGrid4 -->
      <class name="GridTest.TestGrid5">
        <test-method is-config="true" signature="inisetup(java.lang.String)[pri:0, instance:GridTest.TestGrid5@58695725]" started-at="2023-06-22T03:19:41 IST" name="inisetup" finished-at="2023-06-22T03:19:51 IST" duration-ms="10351" status="PASS">
          <params>
            <param index="0">
              <value>
                <![CDATA[6666]]>
              </value>
            </param>
          </params>
          <reporter-output>
          </reporter-output>
        </test-method> <!-- inisetup -->
        <test-method signature="Test1()[pri:0, instance:GridTest.TestGrid5@58695725]" started-at="2023-06-22T03:19:51 IST" name="Test1" finished-at="2023-06-22T03:20:56 IST" duration-ms="64685" status="PASS">
          <reporter-output>
          </reporter-output>
        </test-method> <!-- Test1 -->
      </class> <!-- GridTest.TestGrid5 -->
      <class name="GridTest.TestGrid1">
        <test-method is-config="true" signature="Gridsetup(java.lang.String)[pri:0, instance:GridTest.TestGrid1@f5acb9d]" started-at="2023-06-22T03:21:40 IST" name="Gridsetup" finished-at="2023-06-22T03:21:58 IST" duration-ms="18214" status="PASS">
          <params>
            <param index="0">
              <value>
                <![CDATA[6666]]>
              </value>
            </param>
          </params>
          <reporter-output>
          </reporter-output>
        </test-method> <!-- Gridsetup -->
        <test-method signature="Test1()[pri:0, instance:GridTest.TestGrid1@f5acb9d]" started-at="2023-06-22T03:21:58 IST" name="Test1" finished-at="2023-06-22T03:22:32 IST" duration-ms="33544" status="PASS">
          <reporter-output>
          </reporter-output>
        </test-method> <!-- Test1 -->
      </class> <!-- GridTest.TestGrid1 -->
      <class name="GridTest.TestGrid6">
        <test-method is-config="true" signature="inisetup(java.lang.String)[pri:0, instance:GridTest.TestGrid6@543588e6]" started-at="2023-06-22T03:20:56 IST" name="inisetup" finished-at="2023-06-22T03:21:10 IST" duration-ms="14938" status="PASS">
          <params>
            <param index="0">
              <value>
                <![CDATA[6666]]>
              </value>
            </param>
          </params>
          <reporter-output>
          </reporter-output>
        </test-method> <!-- inisetup -->
        <test-method signature="Test1()[pri:0, instance:GridTest.TestGrid6@543588e6]" started-at="2023-06-22T03:21:10 IST" name="Test1" finished-at="2023-06-22T03:21:40 IST" duration-ms="29274" status="PASS">
          <reporter-output>
          </reporter-output>
        </test-method> <!-- Test1 -->
      </class> <!-- GridTest.TestGrid6 -->
    </test> <!-- Microsoft Edge Test -->
    <test started-at="2023-06-22T03:18:17 IST" name="Chrome Test" finished-at="2023-06-22T03:22:51 IST" duration-ms="273195">
      <class name="GridTest.TestGrid2">
        <test-method is-config="true" signature="inisetup(java.lang.String)[pri:0, instance:GridTest.TestGrid2@3e84448c]" started-at="2023-06-22T03:22:23 IST" name="inisetup" finished-at="2023-06-22T03:22:39 IST" duration-ms="15750" status="PASS">
          <params>
            <param index="0">
              <value>
                <![CDATA[5555]]>
              </value>
            </param>
          </params>
          <reporter-output>
          </reporter-output>
        </test-method> <!-- inisetup -->
        <test-method signature="Test1()[pri:0, instance:GridTest.TestGrid2@3e84448c]" started-at="2023-06-22T03:22:39 IST" name="Test1" finished-at="2023-06-22T03:22:51 IST" duration-ms="11426" status="PASS">
          <reporter-output>
          </reporter-output>
        </test-method> <!-- Test1 -->
      </class> <!-- GridTest.TestGrid2 -->
      <class name="GridTest.TestGrid3">
        <test-method is-config="true" signature="inisetup(java.lang.String)[pri:0, instance:GridTest.TestGrid3@10d307f1]" started-at="2023-06-22T03:21:08 IST" name="inisetup" finished-at="2023-06-22T03:21:24 IST" duration-ms="16636" status="PASS">
          <params>
            <param index="0">
              <value>
                <![CDATA[5555]]>
              </value>
            </param>
          </params>
          <reporter-output>
          </reporter-output>
        </test-method> <!-- inisetup -->
        <test-method signature="Test1()[pri:0, instance:GridTest.TestGrid3@10d307f1]" started-at="2023-06-22T03:21:24 IST" name="Test1" finished-at="2023-06-22T03:21:31 IST" duration-ms="6593" status="PASS">
          <reporter-output>
          </reporter-output>
        </test-method> <!-- Test1 -->
      </class> <!-- GridTest.TestGrid3 -->
      <class name="GridTest.TestGrid4">
        <test-method is-config="true" signature="inisetup(java.lang.String)[pri:0, instance:GridTest.TestGrid4@73700b80]" started-at="2023-06-22T03:18:55 IST" name="inisetup" finished-at="2023-06-22T03:19:06 IST" duration-ms="11512" status="PASS">
          <params>
            <param index="0">
              <value>
                <![CDATA[5555]]>
              </value>
            </param>
          </params>
          <reporter-output>
          </reporter-output>
        </test-method> <!-- inisetup -->
        <test-method signature="Test1()[pri:0, instance:GridTest.TestGrid4@73700b80]" started-at="2023-06-22T03:19:06 IST" name="Test1" finished-at="2023-06-22T03:19:42 IST" duration-ms="35279" status="PASS">
          <reporter-output>
          </reporter-output>
        </test-method> <!-- Test1 -->
      </class> <!-- GridTest.TestGrid4 -->
      <class name="GridTest.TestGrid5">
        <test-method is-config="true" signature="inisetup(java.lang.String)[pri:0, instance:GridTest.TestGrid5@49c7b90e]" started-at="2023-06-22T03:19:42 IST" name="inisetup" finished-at="2023-06-22T03:19:54 IST" duration-ms="12480" status="PASS">
          <params>
            <param index="0">
              <value>
                <![CDATA[5555]]>
              </value>
            </param>
          </params>
          <reporter-output>
          </reporter-output>
        </test-method> <!-- inisetup -->
        <test-method signature="Test1()[pri:0, instance:GridTest.TestGrid5@49c7b90e]" started-at="2023-06-22T03:19:54 IST" name="Test1" finished-at="2023-06-22T03:21:08 IST" duration-ms="73541" status="PASS">
          <reporter-output>
          </reporter-output>
        </test-method> <!-- Test1 -->
      </class> <!-- GridTest.TestGrid5 -->
      <class name="GridTest.TestGrid1">
        <test-method is-config="true" signature="Gridsetup(java.lang.String)[pri:0, instance:GridTest.TestGrid1@44821a96]" started-at="2023-06-22T03:18:18 IST" name="Gridsetup" finished-at="2023-06-22T03:18:29 IST" duration-ms="11618" status="PASS">
          <params>
            <param index="0">
              <value>
                <![CDATA[5555]]>
              </value>
            </param>
          </params>
          <reporter-output>
          </reporter-output>
        </test-method> <!-- Gridsetup -->
        <test-method signature="Test1()[pri:0, instance:GridTest.TestGrid1@44821a96]" started-at="2023-06-22T03:18:29 IST" name="Test1" finished-at="2023-06-22T03:18:55 IST" duration-ms="25655" status="PASS">
          <reporter-output>
          </reporter-output>
        </test-method> <!-- Test1 -->
      </class> <!-- GridTest.TestGrid1 -->
      <class name="GridTest.TestGrid6">
        <test-method is-config="true" signature="inisetup(java.lang.String)[pri:0, instance:GridTest.TestGrid6@4d5b6aac]" started-at="2023-06-22T03:21:31 IST" name="inisetup" finished-at="2023-06-22T03:21:49 IST" duration-ms="18200" status="PASS">
          <params>
            <param index="0">
              <value>
                <![CDATA[5555]]>
              </value>
            </param>
          </params>
          <reporter-output>
          </reporter-output>
        </test-method> <!-- inisetup -->
        <test-method signature="Test1()[pri:0, instance:GridTest.TestGrid6@4d5b6aac]" started-at="2023-06-22T03:21:49 IST" name="Test1" finished-at="2023-06-22T03:22:23 IST" duration-ms="34448" status="PASS">
          <reporter-output>
          </reporter-output>
        </test-method> <!-- Test1 -->
      </class> <!-- GridTest.TestGrid6 -->
    </test> <!-- Chrome Test -->
  </suite> <!-- Suite -->
</testng-results>
